#
# A fatal error has been detected by the Java Runtime Environment:
#
#  SIGSEGV (0xb) at pc=0x000000010bf0c027, pid=10882, tid=0x000000000000cc07
#
# JRE version: Java(TM) SE Runtime Environment (8.0_191-b12) (build 1.8.0_191-b12)
# Java VM: Java HotSpot(TM) 64-Bit Server VM (25.191-b12 mixed mode bsd-amd64 compressed oops)
# Problematic frame:
# C  [libawt_lwawt.dylib+0x1c027]  OGLSD_SetScratchSurface+0x49
#
# Failed to write core dump. Core dumps have been disabled. To enable core dumping, try "ulimit -c unlimited" before starting Java again
#
# If you would like to submit a bug report, please visit:
#   http://bugreport.java.com/bugreport/crash.jsp
# The crash happened outside the Java Virtual Machine in native code.
# See problematic frame for where to report the bug.
#

---------------  T H R E A D  ---------------

Current thread (0x00007f945f9f4800):  JavaThread "Java2D Queue Flusher" daemon [_thread_in_native, id=52231, stack(0x0000700008ef6000,0x0000700008ff6000)]

siginfo: si_signo: 11 (SIGSEGV), si_code: 1 (SEGV_MAPERR), si_addr: 0x0000000000000002

Registers:
RAX=0x00000000ffffffff, RBX=0x0000000000000002, RCX=0x0000000000000047, RDX=0x000000010bf2db14
RSP=0x0000700008ff57f0, RBP=0x0000700008ff5810, RSI=0x00007f94615ec810, RDI=0x00007f945f9f49f8
R8 =0x00000000000008ac, R9 =0xffffffff00000000, R10=0x0000000112a50c78, R11=0x00000001139a9000
R12=0x0000000000000000, R13=0x0000700008ff59a8, R14=0x00007f945f9f49f8, R15=0x00007f945f9f4800
RIP=0x000000010bf0c027, EFLAGS=0x0000000000010202, ERR=0x0000000000000004
  TRAPNO=0x000000000000000e

Top of Stack: (sp=0x0000700008ff57f0)
0x0000700008ff57f0:   00007f94615ec810 0000000000000000
0x0000700008ff5800:   00007f9460182c10 00007f945f9f4800
0x0000700008ff5810:   0000700008ff5890 000000010bf2d5f2
0x0000700008ff5820:   00007f945ef5de00 0000000200000001
0x0000700008ff5830:   0000700008ff5920 0000000112d4aa00
0x0000700008ff5840:   0000000000000000 0000000000000000
0x0000700008ff5850:   0000700008ff5890 00007f9460182c20
0x0000700008ff5860:   0000000700eb9b68 00007f945f9f49f8
0x0000700008ff5870:   0000000156cbb1a8 0000000000000000
0x0000700008ff5880:   0000700008ff5a28 00007f945f9f4800
0x0000700008ff5890:   0000700008ff58e0 0000000112a50cea
0x0000700008ff58a0:   00000007b0307200 000000010653bdb4
0x0000700008ff58b0:   0000000000000064 0000000000000000
0x0000700008ff58c0:   0000000000000064 00007f945ef5d698
0x0000700008ff58d0:   0000700008ff5930 00000001063517a8
0x0000700008ff58e0:   0000700008ff5a00 000000011343fafc
0x0000700008ff58f0:   0000000000000001 00007f945ef5e590
0x0000700008ff5900:   00000007b0307200 00007f945f9f4800
0x0000700008ff5910:   00007f945f9f4800 0000000107bf9a00
0x0000700008ff5920:   0000700008ff5a28 00007f945f9f4800
0x0000700008ff5930:   0000700008ff5980 000000011281d228
0x0000700008ff5940:   00000007b0307200 00000001129fbd26
0x0000700008ff5950:   0000700008ff5a00 00000001139a905c
0x0000700008ff5960:   000000015ba5688f 0000700008ff59a8
0x0000700008ff5970:   000000015ba56910 0000000000000000
0x0000700008ff5980:   0000700008ff5a00 00000001126592bd
0x0000700008ff5990:   0000700008ff5a00 00000001126592bd
0x0000700008ff59a0:   00000001126592bd 00000007b0307200
0x0000700008ff59b0:   0000000000000003 00000007b0307288
0x0000700008ff59c0:   0000700008ff59b0 00000001083435b1
0x0000700008ff59d0:   0000700008ff5a28 0000000108345828
0x0000700008ff59e0:   0000000000000000 00000001083436b8 

Instructions: (pc=0x000000010bf0c027)
0x000000010bf0c007:   c0 e9 82 00 00 00 48 8b 5e 10 48 85 db 75 0e bf
0x000000010bf0c017:   01 00 00 00 48 8d 15 a8 96 03 00 eb d6 49 89 fe
0x000000010bf0c027:   4c 8b 3b 30 c0 e8 ff bc 02 00 49 8b 3f 49 89 c4
0x000000010bf0c037:   48 8b 35 02 29 06 00 30 c0 e8 0b be 02 00 48 85 

Register to memory mapping:

RAX=0x00000000ffffffff is an unknown value
RBX=0x0000000000000002 is an unknown value
RCX=0x0000000000000047 is an unknown value
RDX=0x000000010bf2db14: Java_sun_java2d_opengl_OGLRenderQueue_flushBuffer+0xb5c in /Library/Java/JavaVirtualMachines/jdk1.8.0_191.jdk/Contents/Home/jre/lib/libawt_lwawt.dylib at 0x000000010bef0000
RSP=0x0000700008ff57f0 is pointing into the stack for thread: 0x00007f945f9f4800
RBP=0x0000700008ff5810 is pointing into the stack for thread: 0x00007f945f9f4800
RSI=0x00007f94615ec810 is an unknown value
RDI=0x00007f945f9f49f8 is an unknown value
R8 =0x00000000000008ac is an unknown value
R9 =0xffffffff00000000 is an unknown value
R10=0x0000000112a50c78 is at entry_point+56 in (nmethod*)0x0000000112a50ad0
R11=0x00000001139a9000 is at entry_point+0 in (nmethod*)0x00000001139a8e90
R12=0x0000000000000000 is an unknown value
R13=0x0000700008ff59a8 is pointing into the stack for thread: 0x00007f945f9f4800
R14=0x00007f945f9f49f8 is an unknown value
R15=0x00007f945f9f4800 is a thread


Stack: [0x0000700008ef6000,0x0000700008ff6000],  sp=0x0000700008ff57f0,  free space=1021k
Native frames: (J=compiled Java code, j=interpreted, Vv=VM code, C=native code)
C  [libawt_lwawt.dylib+0x1c027]  OGLSD_SetScratchSurface+0x49
C  [libawt_lwawt.dylib+0x3d5f2]  Java_sun_java2d_opengl_OGLRenderQueue_flushBuffer+0x63a
J 4813  sun.java2d.opengl.OGLRenderQueue.flushBuffer(JI)V (0 bytes) @ 0x0000000112a50cea [0x0000000112a50c40+0xaa]
J 5046 C1 sun.java2d.opengl.OGLRenderQueue.flushBuffer()V (41 bytes) @ 0x000000011343fafc [0x000000011343f8a0+0x25c]
J 7444 C1 sun.java2d.opengl.OGLRenderQueue.access$100(Lsun/java2d/opengl/OGLRenderQueue;)V (5 bytes) @ 0x00000001139a905c [0x00000001139a9000+0x5c]
j  sun.java2d.opengl.OGLRenderQueue$QueueFlusher.run()V+81
v  ~StubRoutines::call_stub
V  [libjvm.dylib+0x2ef9fe]
V  [libjvm.dylib+0x2f01a2]
V  [libjvm.dylib+0x2f034e]
V  [libjvm.dylib+0x34ac3d]
V  [libjvm.dylib+0x56f83f]
V  [libjvm.dylib+0x570f3a]
V  [libjvm.dylib+0x48e0be]
C  [libsystem_pthread.dylib+0x5e65]  _pthread_start+0x94
C  [libsystem_pthread.dylib+0x183b]  thread_start+0xf
C  0x0000000000000000

Java frames: (J=compiled Java code, j=interpreted, Vv=VM code)
J 4813  sun.java2d.opengl.OGLRenderQueue.flushBuffer(JI)V (0 bytes) @ 0x0000000112a50c78 [0x0000000112a50c40+0x38]
J 5046 C1 sun.java2d.opengl.OGLRenderQueue.flushBuffer()V (41 bytes) @ 0x000000011343fafc [0x000000011343f8a0+0x25c]
J 7444 C1 sun.java2d.opengl.OGLRenderQueue.access$100(Lsun/java2d/opengl/OGLRenderQueue;)V (5 bytes) @ 0x00000001139a905c [0x00000001139a9000+0x5c]
j  sun.java2d.opengl.OGLRenderQueue$QueueFlusher.run()V+81
v  ~StubRoutines::call_stub

---------------  P R O C E S S  ---------------

Java Threads: ( => current thread )
  0x00007f9466653800 JavaThread "JMX client heartbeat 7" daemon [_thread_blocked, id=130563, stack(0x000070000a7c1000,0x000070000a8c1000)]
  0x00007f945f27c800 JavaThread "RMI RenewClean-[192.168.1.64:53806]" daemon [_thread_blocked, id=130823, stack(0x000070000a6be000,0x000070000a7be000)]
  0x00007f945f053000 JavaThread "pool-9-thread-1" [_thread_blocked, id=62731, stack(0x000070000a5bb000,0x000070000a6bb000)]
  0x00007f9460bb4000 JavaThread "RMI RenewClean-[192.168.1.64:53739]" daemon [_thread_blocked, id=19559, stack(0x000070000a1af000,0x000070000a2af000)]
  0x00007f945fd72800 JavaThread "pool-8-thread-1" [_thread_blocked, id=64235, stack(0x0000700009791000,0x0000700009891000)]
  0x00007f945f89d000 JavaThread "RMI RenewClean-[192.168.1.64:53591]" daemon [_thread_blocked, id=60711, stack(0x0000700009997000,0x0000700009a97000)]
  0x00007f945f0e0800 JavaThread "RMI RenewClean-[192.168.1.64:52824]" daemon [_thread_blocked, id=67987, stack(0x00007000091ff000,0x00007000092ff000)]
  0x00007f945f86d000 JavaThread "RMI RenewClean-[192.168.1.64:52445]" daemon [_thread_blocked, id=65191, stack(0x000070000a3b5000,0x000070000a4b5000)]
  0x00007f9460d89800 JavaThread "pool-4-thread-1" [_thread_blocked, id=71319, stack(0x000070000a2b2000,0x000070000a3b2000)]
  0x00007f94608c0800 JavaThread "RMI Scheduler(0)" daemon [_thread_blocked, id=60539, stack(0x000070000a0ac000,0x000070000a1ac000)]
  0x00007f945f2f3000 JavaThread "GC Daemon" daemon [_thread_blocked, id=65539, stack(0x0000700009fa9000,0x000070000a0a9000)]
  0x00007f9460530800 JavaThread "RMI RenewClean-[192.168.1.64:52498]" daemon [_thread_blocked, id=66155, stack(0x0000700009ea6000,0x0000700009fa6000)]
  0x00007f9460d00800 JavaThread "pool-3-thread-1" [_thread_blocked, id=60087, stack(0x0000700009da3000,0x0000700009ea3000)]
  0x00007f9460949800 JavaThread "Timer-0" daemon [_thread_blocked, id=66563, stack(0x0000700009ca0000,0x0000700009da0000)]
  0x00007f945fcc8800 JavaThread "pool-2-thread-1" [_thread_blocked, id=59395, stack(0x0000700009b9d000,0x0000700009c9d000)]
  0x00007f945f5e5000 JavaThread "Thread-1" daemon [_thread_blocked, id=59139, stack(0x0000700009a9a000,0x0000700009b9a000)]
  0x00007f945f4cd800 JavaThread "DestroyJavaVM" [_thread_blocked, id=10243, stack(0x00007000076a2000,0x00007000077a2000)]
  0x00007f945f98b800 JavaThread "TimerQueue" daemon [_thread_blocked, id=32559, stack(0x0000700009488000,0x0000700009588000)]
  0x00007f945f3bf800 JavaThread "File Watcher" daemon [_thread_blocked, id=69687, stack(0x0000700009385000,0x0000700009485000)]
  0x00007f94608ea000 JavaThread "AWT-EventQueue-0" [_thread_blocked, id=54535, stack(0x00007000090fc000,0x00007000091fc000)]
  0x00007f94608cb800 JavaThread "Java2D Disposer" daemon [_thread_blocked, id=53783, stack(0x0000700008ff9000,0x00007000090f9000)]
=>0x00007f945f9f4800 JavaThread "Java2D Queue Flusher" daemon [_thread_in_native, id=52231, stack(0x0000700008ef6000,0x0000700008ff6000)]
  0x00007f945f1e9000 JavaThread "RequestProcessor queue manager" daemon [_thread_blocked, id=76555, stack(0x0000700008df3000,0x0000700008ef3000)]
  0x00007f9460120000 JavaThread "AWT-Shutdown" [_thread_blocked, id=26663, stack(0x0000700008961000,0x0000700008a61000)]
  0x00007f9460877000 JavaThread "AppKit Thread" daemon [_thread_in_native, id=775, stack(0x00007ffee9d9a000,0x00007ffeea59a000)]
  0x00007f945f189000 JavaThread "CLI Requests Server" daemon [_thread_in_native, id=15619, stack(0x0000700008758000,0x0000700008858000)]
  0x00007f945f158800 JavaThread "Active Reference Queue Daemon" daemon [_thread_blocked, id=17155, stack(0x0000700008655000,0x0000700008755000)]
  0x00007f945f804000 JavaThread "Service Thread" daemon [_thread_blocked, id=15107, stack(0x000070000844f000,0x000070000854f000)]
  0x00007f9460802000 JavaThread "C1 CompilerThread2" daemon [_thread_blocked, id=14595, stack(0x000070000834c000,0x000070000844c000)]
  0x00007f9460801800 JavaThread "C2 CompilerThread1" daemon [_thread_blocked, id=18435, stack(0x0000700008249000,0x0000700008349000)]
  0x00007f9460053800 JavaThread "C2 CompilerThread0" daemon [_thread_blocked, id=18691, stack(0x0000700008146000,0x0000700008246000)]
  0x00007f9460003000 JavaThread "Signal Dispatcher" daemon [_thread_blocked, id=18947, stack(0x0000700008043000,0x0000700008143000)]
  0x00007f946002f800 JavaThread "Finalizer" daemon [_thread_blocked, id=11523, stack(0x0000700007db7000,0x0000700007eb7000)]
  0x00007f9460001800 JavaThread "Reference Handler" daemon [_thread_blocked, id=20995, stack(0x0000700007cb4000,0x0000700007db4000)]

Other Threads:
  0x00007f945f01b800 VMThread [stack: 0x0000700007bb1000,0x0000700007cb1000] [id=21251]
  0x00007f9460053000 WatcherThread [stack: 0x0000700008552000,0x0000700008652000] [id=17667]

VM state:not at safepoint (normal execution)

VM Mutex/Monitor currently owned by a thread: None

Heap:
 PSYoungGen      total 68608K, used 11382K [0x00000007bab00000, 0x00000007bff80000, 0x00000007c0000000)
  eden space 51712K, 1% used [0x00000007bab00000,0x00000007babac730,0x00000007bdd80000)
  from space 16896K, 63% used [0x00000007bef00000,0x00000007bf971168,0x00000007bff80000)
  to   space 17408K, 0% used [0x00000007bdd80000,0x00000007bdd80000,0x00000007bee80000)
 ParOldGen       total 87040K, used 25788K [0x00000007b0000000, 0x00000007b5500000, 0x00000007bab00000)
  object space 87040K, 29% used [0x00000007b0000000,0x00000007b192f268,0x00000007b5500000)
 Metaspace       used 43147K, capacity 46234K, committed 46540K, reserved 1089536K
  class space    used 6405K, capacity 7256K, committed 7372K, reserved 1048576K

Card table byte_map: [0x0000000105728000,0x00000001057a9000] byte_map_base: 0x00000001019a8000

Marking Bits: (ParMarkBitMap*) 0x00000001068f9e00
 Begin Bits: [0x0000000107374000, 0x0000000107774000)
 End Bits:   [0x0000000107774000, 0x0000000107b74000)

Polling page: 0x0000000105716000

CodeCache: size=245760Kb used=20784Kb max_used=21076Kb free=224975Kb
 bounds [0x0000000112651000, 0x0000000113b11000, 0x0000000121651000]
 total_blobs=7180 nmethods=6444 adapters=646
 compilation: enabled

Compilation events (10 events):
Event: 3297.308 Thread 0x00007f9460053800 8066       4       java.lang.Integer::parseInt (7 bytes)
Event: 3297.331 Thread 0x00007f9460053800 nmethod 8066 0x0000000113792490 code [0x0000000113792660, 0x0000000113792ca8]
Event: 3499.067 Thread 0x00007f9460802000 8067       3       java.util.WeakHashMap$HashIterator::<init> (41 bytes)
Event: 3499.070 Thread 0x00007f9460802000 nmethod 8067 0x0000000112dc4790 code [0x0000000112dc4920, 0x0000000112dc4e08]
Event: 3679.340 Thread 0x00007f9460802000 8068  s    3       java.io.FileDescriptor::attach (73 bytes)
Event: 3679.346 Thread 0x00007f9460802000 nmethod 8068 0x00000001131dac90 code [0x00000001131daea0, 0x00000001131dbb08]
Event: 3859.352 Thread 0x00007f9460802000 8069       3       java.io.FileDescriptor::<init> (10 bytes)
Event: 3859.353 Thread 0x00007f9460802000 nmethod 8069 0x0000000112e16650 code [0x0000000112e167c0, 0x0000000112e16970]
Event: 4081.128 Thread 0x00007f9460802000 8070       1       java.lang.ref.Reference::clear (6 bytes)
Event: 4081.128 Thread 0x00007f9460802000 nmethod 8070 0x00000001131da9d0 code [0x00000001131dab20, 0x00000001131dac50]

GC Heap History (10 events):
Event: 818.051 GC heap before
{Heap before GC invocations=42 (full 6):
 PSYoungGen      total 72704K, used 72425K [0x00000007bab00000, 0x00000007c0000000, 0x00000007c0000000)
  eden space 62464K, 100% used [0x00000007bab00000,0x00000007be800000,0x00000007be800000)
  from space 10240K, 97% used [0x00000007be800000,0x00000007bf1ba6d0,0x00000007bf200000)
  to   space 13312K, 0% used [0x00000007bf300000,0x00000007bf300000,0x00000007c0000000)
 ParOldGen       total 87040K, used 22895K [0x00000007b0000000, 0x00000007b5500000, 0x00000007bab00000)
  object space 87040K, 26% used [0x00000007b0000000,0x00000007b165be70,0x00000007b5500000)
 Metaspace       used 42877K, capacity 45932K, committed 46284K, reserved 1087488K
  class space    used 6382K, capacity 7237K, committed 7372K, reserved 1048576K
Event: 818.067 GC heap after
Heap after GC invocations=42 (full 6):
 PSYoungGen      total 71680K, used 9727K [0x00000007bab00000, 0x00000007c0000000, 0x00000007c0000000)
  eden space 58368K, 0% used [0x00000007bab00000,0x00000007bab00000,0x00000007be400000)
  from space 13312K, 73% used [0x00000007bf300000,0x00000007bfc7ffd8,0x00000007c0000000)
  to   space 14336K, 0% used [0x00000007be400000,0x00000007be400000,0x00000007bf200000)
 ParOldGen       total 87040K, used 22895K [0x00000007b0000000, 0x00000007b5500000, 0x00000007bab00000)
  object space 87040K, 26% used [0x00000007b0000000,0x00000007b165be70,0x00000007b5500000)
 Metaspace       used 42877K, capacity 45932K, committed 46284K, reserved 1087488K
  class space    used 6382K, capacity 7237K, committed 7372K, reserved 1048576K
}
Event: 892.251 GC heap before
{Heap before GC invocations=43 (full 6):
 PSYoungGen      total 71680K, used 68095K [0x00000007bab00000, 0x00000007c0000000, 0x00000007c0000000)
  eden space 58368K, 100% used [0x00000007bab00000,0x00000007be400000,0x00000007be400000)
  from space 13312K, 73% used [0x00000007bf300000,0x00000007bfc7ffd8,0x00000007c0000000)
  to   space 14336K, 0% used [0x00000007be400000,0x00000007be400000,0x00000007bf200000)
 ParOldGen       total 87040K, used 22895K [0x00000007b0000000, 0x00000007b5500000, 0x00000007bab00000)
  object space 87040K, 26% used [0x00000007b0000000,0x00000007b165be70,0x00000007b5500000)
 Metaspace       used 42877K, capacity 45932K, committed 46284K, reserved 1087488K
  class space    used 6382K, capacity 7237K, committed 7372K, reserved 1048576K
Event: 892.295 GC heap after
Heap after GC invocations=43 (full 6):
 PSYoungGen      total 68608K, used 9758K [0x00000007bab00000, 0x00000007c0000000, 0x00000007c0000000)
  eden space 58368K, 0% used [0x00000007bab00000,0x00000007bab00000,0x00000007be400000)
  from space 10240K, 95% used [0x00000007be400000,0x00000007bed87b88,0x00000007bee00000)
  to   space 14848K, 0% used [0x00000007bf180000,0x00000007bf180000,0x00000007c0000000)
 ParOldGen       total 87040K, used 22895K [0x00000007b0000000, 0x00000007b5500000, 0x00000007bab00000)
  object space 87040K, 26% used [0x00000007b0000000,0x00000007b165be70,0x00000007b5500000)
 Metaspace       used 42877K, capacity 45932K, committed 46284K, reserved 1087488K
  class space    used 6382K, capacity 7237K, committed 7372K, reserved 1048576K
}
Event: 1827.800 GC heap before
{Heap before GC invocations=44 (full 6):
 PSYoungGen      total 68608K, used 66346K [0x00000007bab00000, 0x00000007c0000000, 0x00000007c0000000)
  eden space 58368K, 96% used [0x00000007bab00000,0x00000007be242f78,0x00000007be400000)
  from space 10240K, 95% used [0x00000007be400000,0x00000007bed87b88,0x00000007bee00000)
  to   space 14848K, 0% used [0x00000007bf180000,0x00000007bf180000,0x00000007c0000000)
 ParOldGen       total 87040K, used 22895K [0x00000007b0000000, 0x00000007b5500000, 0x00000007bab00000)
  object space 87040K, 26% used [0x00000007b0000000,0x00000007b165be70,0x00000007b5500000)
 Metaspace       used 43007K, capacity 46080K, committed 46284K, reserved 1087488K
  class space    used 6400K, capacity 7251K, committed 7372K, reserved 1048576K
Event: 1827.873 GC heap after
Heap after GC invocations=44 (full 6):
 PSYoungGen      total 69120K, used 13074K [0x00000007bab00000, 0x00000007c0000000, 0x00000007c0000000)
  eden space 54272K, 0% used [0x00000007bab00000,0x00000007bab00000,0x00000007be000000)
  from space 14848K, 88% used [0x00000007bf180000,0x00000007bfe44990,0x00000007c0000000)
  to   space 16384K, 0% used [0x00000007be000000,0x00000007be000000,0x00000007bf000000)
 ParOldGen       total 87040K, used 25780K [0x00000007b0000000, 0x00000007b5500000, 0x00000007bab00000)
  object space 87040K, 29% used [0x00000007b0000000,0x00000007b192d268,0x00000007b5500000)
 Metaspace       used 43007K, capacity 46080K, committed 46284K, reserved 1087488K
  class space    used 6400K, capacity 7251K, committed 7372K, reserved 1048576K
}
Event: 2760.536 GC heap before
{Heap before GC invocations=45 (full 6):
 PSYoungGen      total 69120K, used 67346K [0x00000007bab00000, 0x00000007c0000000, 0x00000007c0000000)
  eden space 54272K, 100% used [0x00000007bab00000,0x00000007be000000,0x00000007be000000)
  from space 14848K, 88% used [0x00000007bf180000,0x00000007bfe44990,0x00000007c0000000)
  to   space 16384K, 0% used [0x00000007be000000,0x00000007be000000,0x00000007bf000000)
 ParOldGen       total 87040K, used 25780K [0x00000007b0000000, 0x00000007b5500000, 0x00000007bab00000)
  object space 87040K, 29% used [0x00000007b0000000,0x00000007b192d268,0x00000007b5500000)
 Metaspace       used 43124K, capacity 46226K, committed 46540K, reserved 1089536K
  class space    used 6403K, capacity 7254K, committed 7372K, reserved 1048576K
Event: 2760.577 GC heap after
Heap after GC invocations=45 (full 6):
 PSYoungGen      total 64000K, used 11118K [0x00000007bab00000, 0x00000007bff80000, 0x00000007c0000000)
  eden space 52736K, 0% used [0x00000007bab00000,0x00000007bab00000,0x00000007bde80000)
  from space 11264K, 98% used [0x00000007be000000,0x00000007beadb8c8,0x00000007beb00000)
  to   space 16896K, 0% used [0x00000007bef00000,0x00000007bef00000,0x00000007bff80000)
 ParOldGen       total 87040K, used 25788K [0x00000007b0000000, 0x00000007b5500000, 0x00000007bab00000)
  object space 87040K, 29% used [0x00000007b0000000,0x00000007b192f268,0x00000007b5500000)
 Metaspace       used 43124K, capacity 46226K, committed 46540K, reserved 1089536K
  class space    used 6403K, capacity 7254K, committed 7372K, reserved 1048576K
}
Event: 4081.045 GC heap before
{Heap before GC invocations=46 (full 6):
 PSYoungGen      total 64000K, used 63854K [0x00000007bab00000, 0x00000007bff80000, 0x00000007c0000000)
  eden space 52736K, 100% used [0x00000007bab00000,0x00000007bde80000,0x00000007bde80000)
  from space 11264K, 98% used [0x00000007be000000,0x00000007beadb8c8,0x00000007beb00000)
  to   space 16896K, 0% used [0x00000007bef00000,0x00000007bef00000,0x00000007bff80000)
 ParOldGen       total 87040K, used 25788K [0x00000007b0000000, 0x00000007b5500000, 0x00000007bab00000)
  object space 87040K, 29% used [0x00000007b0000000,0x00000007b192f268,0x00000007b5500000)
 Metaspace       used 43143K, capacity 46226K, committed 46540K, reserved 1089536K
  class space    used 6403K, capacity 7254K, committed 7372K, reserved 1048576K
Event: 4081.105 GC heap after
Heap after GC invocations=46 (full 6):
 PSYoungGen      total 68608K, used 10692K [0x00000007bab00000, 0x00000007bff80000, 0x00000007c0000000)
  eden space 51712K, 0% used [0x00000007bab00000,0x00000007bab00000,0x00000007bdd80000)
  from space 16896K, 63% used [0x00000007bef00000,0x00000007bf971168,0x00000007bff80000)
  to   space 17408K, 0% used [0x00000007bdd80000,0x00000007bdd80000,0x00000007bee80000)
 ParOldGen       total 87040K, used 25788K [0x00000007b0000000, 0x00000007b5500000, 0x00000007bab00000)
  object space 87040K, 29% used [0x00000007b0000000,0x00000007b192f268,0x00000007b5500000)
 Metaspace       used 43143K, capacity 46226K, committed 46540K, reserved 1089536K
  class space    used 6403K, capacity 7254K, committed 7372K, reserved 1048576K
}

Deoptimization events (10 events):
Event: 2542.441 Thread 0x00007f94608ea000 Uncommon trap: reason=unstable_if action=reinterpret pc=0x00000001138af3c0 method=javax.swing.JComponent.paintChildren(Ljava/awt/Graphics;)V @ 278
Event: 2549.405 Thread 0x00007f94608ea000 Uncommon trap: reason=bimorphic action=maybe_recompile pc=0x0000000113af11ec method=java.awt.Component.dispatchEventImpl(Ljava/awt/AWTEvent;)V @ 242
Event: 2549.405 Thread 0x00007f94608ea000 Uncommon trap: reason=class_check action=maybe_recompile pc=0x0000000113af0ddc method=java.awt.Component.dispatchEventImpl(Ljava/awt/AWTEvent;)V @ 229
Event: 2549.416 Thread 0x00007f94608ea000 Uncommon trap: reason=bimorphic action=maybe_recompile pc=0x0000000113af11ec method=java.awt.Component.dispatchEventImpl(Ljava/awt/AWTEvent;)V @ 242
Event: 2549.416 Thread 0x00007f94608ea000 Uncommon trap: reason=class_check action=maybe_recompile pc=0x0000000113af0ddc method=java.awt.Component.dispatchEventImpl(Ljava/awt/AWTEvent;)V @ 229
Event: 2549.427 Thread 0x00007f94608ea000 Uncommon trap: reason=bimorphic action=maybe_recompile pc=0x0000000113af11ec method=java.awt.Component.dispatchEventImpl(Ljava/awt/AWTEvent;)V @ 242
Event: 2549.427 Thread 0x00007f94608ea000 Uncommon trap: reason=class_check action=maybe_recompile pc=0x0000000113af0ddc method=java.awt.Component.dispatchEventImpl(Ljava/awt/AWTEvent;)V @ 229
Event: 2549.443 Thread 0x00007f94608ea000 Uncommon trap: reason=bimorphic action=maybe_recompile pc=0x0000000113af11ec method=java.awt.Component.dispatchEventImpl(Ljava/awt/AWTEvent;)V @ 242
Event: 2581.761 Thread 0x00007f945f04e800 Uncommon trap: reason=unstable_if action=reinterpret pc=0x00000001129f8fd8 method=java.io.UnixFileSystem.resolve(Ljava/lang/String;Ljava/lang/String;)Ljava/lang/String; @ 57
Event: 3189.324 Thread 0x00007f94608ea000 Uncommon trap: reason=unstable_if action=reinterpret pc=0x00000001138c6e34 method=sun.lwawt.LWCursorManager.updateCursorImpl()V @ 21

Classes redefined (0 events):
No events

Internal exceptions (10 events):
Event: 3312.325 Thread 0x00007f9460bb4000 Exception <a 'java/net/ConnectException'> (0x00000007bb8efbe8) thrown at [/Users/java_re/workspace/8-2-build-macosx-x86_64/jdk8u191/11896/hotspot/src/share/vm/prims/jni.cpp, line 709]
Event: 3328.329 Thread 0x00007f9460bb4000 Exception <a 'java/net/ConnectException'> (0x00000007bb8f0c20) thrown at [/Users/java_re/workspace/8-2-build-macosx-x86_64/jdk8u191/11896/hotspot/src/share/vm/prims/jni.cpp, line 709]
Event: 3360.333 Thread 0x00007f9460bb4000 Exception <a 'java/net/ConnectException'> (0x00000007bb8f1c58) thrown at [/Users/java_re/workspace/8-2-build-macosx-x86_64/jdk8u191/11896/hotspot/src/share/vm/prims/jni.cpp, line 709]
Event: 3424.337 Thread 0x00007f9460bb4000 Exception <a 'java/net/ConnectException'> (0x00000007bb8f2c90) thrown at [/Users/java_re/workspace/8-2-build-macosx-x86_64/jdk8u191/11896/hotspot/src/share/vm/prims/jni.cpp, line 709]
Event: 3430.068 Thread 0x00007f945f89d000 Exception <a 'java/net/ConnectException'> (0x00000007bbde1748) thrown at [/Users/java_re/workspace/8-2-build-macosx-x86_64/jdk8u191/11896/hotspot/src/share/vm/prims/jni.cpp, line 709]
Event: 3552.341 Thread 0x00007f9460bb4000 Exception <a 'java/net/ConnectException'> (0x00000007bb8f3cc8) thrown at [/Users/java_re/workspace/8-2-build-macosx-x86_64/jdk8u191/11896/hotspot/src/share/vm/prims/jni.cpp, line 709]
Event: 3686.076 Thread 0x00007f945f89d000 Exception <a 'java/net/ConnectException'> (0x00000007bd4c2c70) thrown at [/Users/java_re/workspace/8-2-build-macosx-x86_64/jdk8u191/11896/hotspot/src/share/vm/prims/jni.cpp, line 709]
Event: 3808.342 Thread 0x00007f9460bb4000 Exception <a 'java/net/ConnectException'> (0x00000007bb8f4e28) thrown at [/Users/java_re/workspace/8-2-build-macosx-x86_64/jdk8u191/11896/hotspot/src/share/vm/prims/jni.cpp, line 709]
Event: 4081.112 Thread 0x00007f945f0e0800 Exception <a 'java/net/ConnectException'> (0x00000007bab755f0) thrown at [/Users/java_re/workspace/8-2-build-macosx-x86_64/jdk8u191/11896/hotspot/src/share/vm/prims/jni.cpp, line 709]
Event: 4081.112 Thread 0x00007f9460bb4000 Exception <a 'java/net/ConnectException'> (0x00000007bab79c78) thrown at [/Users/java_re/workspace/8-2-build-macosx-x86_64/jdk8u191/11896/hotspot/src/share/vm/prims/jni.cpp, line 709]

Events (10 events):
Event: 4081.105 Executing VM operation: ParallelGCFailedAllocation done
Event: 4081.108 Executing VM operation: BulkRevokeBias
Event: 4081.110 Executing VM operation: BulkRevokeBias done
Event: 4081.113 Executing VM operation: RevokeBias
Event: 4081.114 Executing VM operation: RevokeBias done
Event: 4081.114 Thread 0x00007f94607cf000 Thread exited: 0x00007f94607cf000
Event: 4081.129 Thread 0x00007f9460802000 flushing nmethod 0x000000011357e150
Event: 4081.130 Thread 0x00007f9460802000 flushing nmethod 0x00000001135a1dd0
Event: 4081.133 Thread 0x00007f9460802000 flushing nmethod 0x00000001135b8150
Event: 4081.134 Thread 0x00007f9460802000 flushing nmethod 0x00000001135d8a50


Dynamic libraries:
0x00007fff32462000 	/System/Library/Frameworks/Cocoa.framework/Versions/A/Cocoa
0x00007fff3fa2e000 	/System/Library/Frameworks/Security.framework/Versions/A/Security
0x00007fff313ed000 	/System/Library/Frameworks/ApplicationServices.framework/Versions/A/ApplicationServices
0x00007fff69e13000 	/usr/lib/libz.1.dylib
0x00007fff678e6000 	/usr/lib/libSystem.B.dylib
0x00007fff69737000 	/usr/lib/libobjc.A.dylib
0x00007fff333d8000 	/System/Library/Frameworks/CoreFoundation.framework/Versions/A/CoreFoundation
0x00007fff35a9d000 	/System/Library/Frameworks/Foundation.framework/Versions/C/Foundation
0x00007fff305e2000 	/System/Library/Frameworks/AppKit.framework/Versions/C/AppKit
0x00007fff32ee5000 	/System/Library/Frameworks/CoreData.framework/Versions/A/CoreData
0x00007fff64191000 	/System/Library/PrivateFrameworks/UIFoundation.framework/Versions/A/UIFoundation
0x00007fff5e97c000 	/System/Library/PrivateFrameworks/RemoteViewServices.framework/Versions/A/RemoteViewServices
0x00007fff66c21000 	/System/Library/PrivateFrameworks/XCTTargetBootstrap.framework/Versions/A/XCTTargetBootstrap
0x00007fff332c8000 	/System/Library/Frameworks/CoreDisplay.framework/Versions/A/CoreDisplay
0x00007fff38815000 	/System/Library/Frameworks/Metal.framework/Versions/A/Metal
0x00007fff4cd9d000 	/System/Library/PrivateFrameworks/DesktopServicesPriv.framework/Versions/A/DesktopServicesPriv
0x00007fff68a1c000 	/usr/lib/liblangid.dylib
0x00007fff4bef4000 	/System/Library/PrivateFrameworks/CoreSVG.framework/Versions/A/CoreSVG
0x00007fff6173e000 	/System/Library/PrivateFrameworks/SkyLight.framework/Versions/A/SkyLight
0x00007fff3385a000 	/System/Library/Frameworks/CoreGraphics.framework/Versions/A/CoreGraphics
0x00007fff2f181000 	/System/Library/Frameworks/Accelerate.framework/Versions/A/Accelerate
0x00007fff69d04000 	/usr/lib/libxml2.2.dylib
0x00007fff57abb000 	/System/Library/PrivateFrameworks/IconServices.framework/Versions/A/IconServices
0x00007fff36281000 	/System/Library/Frameworks/IOSurface.framework/Versions/A/IOSurface
0x00007fff6741e000 	/usr/lib/libDiagnosticMessagesClient.dylib
0x00007fff4cc16000 	/System/Library/PrivateFrameworks/DFRFoundation.framework/Versions/A/DFRFoundation
0x00007fff687aa000 	/usr/lib/libicucore.A.dylib
0x00007fff3171f000 	/System/Library/Frameworks/AudioToolbox.framework/Versions/A/AudioToolbox
0x00007fff31801000 	/System/Library/Frameworks/AudioUnit.framework/Versions/A/AudioUnit
0x00007fff67ae7000 	/usr/lib/libauto.dylib
0x00007fff4cc97000 	/System/Library/PrivateFrameworks/DataDetectorsCore.framework/Versions/A/DataDetectorsCore
0x00007fff31f82000 	/System/Library/Frameworks/Carbon.framework/Versions/A/Frameworks/HIToolbox.framework/Versions/A/HIToolbox
0x00007fff3ec60000 	/System/Library/Frameworks/QuartzCore.framework/Versions/A/QuartzCore
0x00007fff322c1000 	/System/Library/Frameworks/Carbon.framework/Versions/A/Frameworks/SpeechRecognition.framework/Versions/A/SpeechRecognition
0x00007fff4c59c000 	/System/Library/PrivateFrameworks/CoreUI.framework/Versions/A/CoreUI
0x00007fff3294b000 	/System/Library/Frameworks/CoreAudio.framework/Versions/A/CoreAudio
0x00007fff35765000 	/System/Library/Frameworks/DiskArbitration.framework/Versions/A/DiskArbitration
0x00007fff59acf000 	/System/Library/PrivateFrameworks/MultitouchSupport.framework/Versions/A/MultitouchSupport
0x00007fff68670000 	/usr/lib/libenergytrace.dylib
0x00007fff361dc000 	/System/Library/Frameworks/IOKit.framework/Versions/A/IOKit
0x00007fff347c8000 	/System/Library/Frameworks/CoreServices.framework/Versions/A/CoreServices
0x00007fff5bbd9000 	/System/Library/PrivateFrameworks/PerformanceAnalysis.framework/Versions/A/PerformanceAnalysis
0x00007fff3dc96000 	/System/Library/Frameworks/OpenGL.framework/Versions/A/OpenGL
0x00007fff32470000 	/System/Library/Frameworks/ColorSync.framework/Versions/A/ColorSync
0x00007fff33ee1000 	/System/Library/Frameworks/CoreImage.framework/Versions/A/CoreImage
0x00007fff3523e000 	/System/Library/Frameworks/CoreText.framework/Versions/A/CoreText
0x00007fff36307000 	/System/Library/Frameworks/ImageIO.framework/Versions/A/ImageIO
0x00007fff67bcc000 	/usr/lib/libc++.1.dylib
0x00007fff67c48000 	/usr/lib/libcompression.dylib
0x00007fff67760000 	/usr/lib/libMobileGestalt.dylib
0x00007fff63273000 	/System/Library/PrivateFrameworks/TextureIO.framework/Versions/A/TextureIO
0x00007fff67a4d000 	/usr/lib/libate.dylib
0x00007fff57cc4000 	/System/Library/PrivateFrameworks/InternationalSupport.framework/Versions/A/InternationalSupport
0x00007fff6a889000 	/usr/lib/system/libcache.dylib
0x00007fff6a88f000 	/usr/lib/system/libcommonCrypto.dylib
0x00007fff6a89b000 	/usr/lib/system/libcompiler_rt.dylib
0x00007fff6a8a3000 	/usr/lib/system/libcopyfile.dylib
0x00007fff6a8ad000 	/usr/lib/system/libcorecrypto.dylib
0x00007fff6aa5b000 	/usr/lib/system/libdispatch.dylib
0x00007fff6aa9d000 	/usr/lib/system/libdyld.dylib
0x00007fff6aad3000 	/usr/lib/system/libkeymgr.dylib
0x00007fff6aae1000 	/usr/lib/system/liblaunch.dylib
0x00007fff6aae2000 	/usr/lib/system/libmacho.dylib
0x00007fff6aae8000 	/usr/lib/system/libquarantine.dylib
0x00007fff6aaeb000 	/usr/lib/system/libremovefile.dylib
0x00007fff6aaed000 	/usr/lib/system/libsystem_asl.dylib
0x00007fff6ab05000 	/usr/lib/system/libsystem_blocks.dylib
0x00007fff6ab06000 	/usr/lib/system/libsystem_c.dylib
0x00007fff6ab8e000 	/usr/lib/system/libsystem_configuration.dylib
0x00007fff6ab92000 	/usr/lib/system/libsystem_coreservices.dylib
0x00007fff6ab96000 	/usr/lib/system/libsystem_darwin.dylib
0x00007fff6ab9f000 	/usr/lib/system/libsystem_dnssd.dylib
0x00007fff6aba7000 	/usr/lib/system/libsystem_featureflags.dylib
0x00007fff6aba9000 	/usr/lib/system/libsystem_info.dylib
0x00007fff6ac24000 	/usr/lib/system/libsystem_m.dylib
0x00007fff6ac6c000 	/usr/lib/system/libsystem_malloc.dylib
0x00007fff6ac94000 	/usr/lib/system/libsystem_networkextension.dylib
0x00007fff6aca2000 	/usr/lib/system/libsystem_notify.dylib
0x00007fff6acc1000 	/usr/lib/system/libsystem_sandbox.dylib
0x00007fff6acc6000 	/usr/lib/system/libsystem_secinit.dylib
0x00007fff6abf7000 	/usr/lib/system/libsystem_kernel.dylib
0x00007fff6acac000 	/usr/lib/system/libsystem_platform.dylib
0x00007fff6acb6000 	/usr/lib/system/libsystem_pthread.dylib
0x00007fff6acc9000 	/usr/lib/system/libsystem_symptoms.dylib
0x00007fff6acd1000 	/usr/lib/system/libsystem_trace.dylib
0x00007fff6ace9000 	/usr/lib/system/libunwind.dylib
0x00007fff6acef000 	/usr/lib/system/libxpc.dylib
0x00007fff67c20000 	/usr/lib/libc++abi.dylib
0x00007fff68a1e000 	/usr/lib/liblzma.5.dylib
0x00007fff68698000 	/usr/lib/libfakelink.dylib
0x00007fff679da000 	/usr/lib/libarchive.2.dylib
0x00007fff40bce000 	/System/Library/Frameworks/SystemConfiguration.framework/Versions/A/SystemConfiguration
0x00007fff6734f000 	/usr/lib/libCRFSuite.dylib
0x00007fff31b77000 	/System/Library/Frameworks/CFNetwork.framework/Versions/A/CFNetwork
0x00007fff67bae000 	/usr/lib/libbsm.0.dylib
0x00007fff6aad4000 	/usr/lib/system/libkxld.dylib
0x00007fff466d8000 	/System/Library/PrivateFrameworks/AppleFSCompression.framework/Versions/A/AppleFSCompression
0x00007fff67f2f000 	/usr/lib/libcoretls.dylib
0x00007fff67f46000 	/usr/lib/libcoretls_cfhelpers.dylib
0x00007fff6977b000 	/usr/lib/libpam.2.dylib
0x00007fff698ae000 	/usr/lib/libsqlite3.dylib
0x00007fff69cf1000 	/usr/lib/libxar.1.dylib
0x00007fff67bbf000 	/usr/lib/libbz2.1.0.dylib
0x00007fff686b9000 	/usr/lib/libiconv.2.dylib
0x00007fff67c35000 	/usr/lib/libcharset.1.dylib
0x00007fff69222000 	/usr/lib/libnetwork.dylib
0x00007fff69782000 	/usr/lib/libpcap.A.dylib
0x00007fff6798f000 	/usr/lib/libapple_nghttp2.dylib
0x00007fff34b7f000 	/System/Library/Frameworks/CoreServices.framework/Versions/A/Frameworks/FSEvents.framework/Versions/A/FSEvents
0x00007fff3484f000 	/System/Library/Frameworks/CoreServices.framework/Versions/A/Frameworks/CarbonCore.framework/Versions/A/CarbonCore
0x00007fff34dc2000 	/System/Library/Frameworks/CoreServices.framework/Versions/A/Frameworks/Metadata.framework/Versions/A/Metadata
0x00007fff34e5b000 	/System/Library/Frameworks/CoreServices.framework/Versions/A/Frameworks/OSServices.framework/Versions/A/OSServices
0x00007fff34e89000 	/System/Library/Frameworks/CoreServices.framework/Versions/A/Frameworks/SearchKit.framework/Versions/A/SearchKit
0x00007fff347c9000 	/System/Library/Frameworks/CoreServices.framework/Versions/A/Frameworks/AE.framework/Versions/A/AE
0x00007fff34b88000 	/System/Library/Frameworks/CoreServices.framework/Versions/A/Frameworks/LaunchServices.framework/Versions/A/LaunchServices
0x00007fff34b31000 	/System/Library/Frameworks/CoreServices.framework/Versions/A/Frameworks/DictionaryServices.framework/Versions/A/DictionaryServices
0x00007fff34ef1000 	/System/Library/Frameworks/CoreServices.framework/Versions/A/Frameworks/SharedFileList.framework/Versions/A/SharedFileList
0x00007fff39aea000 	/System/Library/Frameworks/NetFS.framework/Versions/A/NetFS
0x00007fff59ffc000 	/System/Library/PrivateFrameworks/NetAuth.framework/Versions/A/NetAuth
0x00007fff66fec000 	/System/Library/PrivateFrameworks/login.framework/Versions/A/Frameworks/loginsupport.framework/Versions/A/loginsupport
0x00007fff62d6e000 	/System/Library/PrivateFrameworks/TCC.framework/Versions/A/TCC
0x00007fff4b2c3000 	/System/Library/PrivateFrameworks/CoreNLP.framework/Versions/A/CoreNLP
0x00007fff594ff000 	/System/Library/PrivateFrameworks/MetadataUtilities.framework/Versions/A/MetadataUtilities
0x00007fff68af6000 	/usr/lib/libmecabra.dylib
0x00007fff68a4e000 	/usr/lib/libmecab.dylib
0x00007fff686a9000 	/usr/lib/libgermantok.dylib
0x00007fff67976000 	/usr/lib/libThaiTokenizer.dylib
0x00007fff67387000 	/usr/lib/libChineseTokenizer.dylib
0x00007fff2f199000 	/System/Library/Frameworks/Accelerate.framework/Versions/A/Frameworks/vImage.framework/Versions/A/vImage
0x00007fff3043c000 	/System/Library/Frameworks/Accelerate.framework/Versions/A/Frameworks/vecLib.framework/Versions/A/vecLib
0x00007fff30380000 	/System/Library/Frameworks/Accelerate.framework/Versions/A/Frameworks/vecLib.framework/Versions/A/libvMisc.dylib
0x00007fff301a6000 	/System/Library/Frameworks/Accelerate.framework/Versions/A/Frameworks/vecLib.framework/Versions/A/libvDSP.dylib
0x00007fff2f805000 	/System/Library/Frameworks/Accelerate.framework/Versions/A/Frameworks/vecLib.framework/Versions/A/libBLAS.dylib
0x00007fff2fd60000 	/System/Library/Frameworks/Accelerate.framework/Versions/A/Frameworks/vecLib.framework/Versions/A/libLAPACK.dylib
0x00007fff30106000 	/System/Library/Frameworks/Accelerate.framework/Versions/A/Frameworks/vecLib.framework/Versions/A/libLinearAlgebra.dylib
0x00007fff30193000 	/System/Library/Frameworks/Accelerate.framework/Versions/A/Frameworks/vecLib.framework/Versions/A/libSparseBLAS.dylib
0x00007fff3011c000 	/System/Library/Frameworks/Accelerate.framework/Versions/A/Frameworks/vecLib.framework/Versions/A/libQuadrature.dylib
0x00007fff2fa6f000 	/System/Library/Frameworks/Accelerate.framework/Versions/A/Frameworks/vecLib.framework/Versions/A/libBNNS.dylib
0x00007fff30122000 	/System/Library/Frameworks/Accelerate.framework/Versions/A/Frameworks/vecLib.framework/Versions/A/libSparse.dylib
0x00007fff58083000 	/System/Library/PrivateFrameworks/LanguageModeling.framework/Versions/A/LanguageModeling
0x00007fff4ac5f000 	/System/Library/PrivateFrameworks/CoreEmoji.framework/Versions/A/CoreEmoji
0x00007fff581a1000 	/System/Library/PrivateFrameworks/LinguisticData.framework/Versions/A/LinguisticData
0x00007fff58152000 	/System/Library/PrivateFrameworks/Lexicon.framework/Versions/A/Lexicon
0x00007fff67c36000 	/usr/lib/libcmph.dylib
0x00007fff3c6bc000 	/System/Library/Frameworks/OpenDirectory.framework/Versions/A/Frameworks/CFOpenDirectory.framework/Versions/A/CFOpenDirectory
0x00007fff3c6d9000 	/System/Library/Frameworks/OpenDirectory.framework/Versions/A/OpenDirectory
0x00007fff449a7000 	/System/Library/PrivateFrameworks/APFS.framework/Versions/A/APFS
0x00007fff3fd81000 	/System/Library/Frameworks/SecurityFoundation.framework/Versions/A/SecurityFoundation
0x00007fff69ced000 	/usr/lib/libutil.dylib
0x00007fff4bf4c000 	/System/Library/PrivateFrameworks/CoreServicesStore.framework/Versions/A/CoreServicesStore
0x00007fff3fe39000 	/System/Library/Frameworks/ServiceManagement.framework/Versions/A/ServiceManagement
0x00007fff47e8f000 	/System/Library/PrivateFrameworks/BackgroundTaskManagement.framework/Versions/A/BackgroundTaskManagement
0x00007fff69dea000 	/usr/lib/libxslt.1.dylib
0x00007fff46d3d000 	/System/Library/PrivateFrameworks/AppleSystemInfo.framework/Versions/A/AppleSystemInfo
0x00007fff36524000 	/System/Library/Frameworks/ImageIO.framework/Versions/A/Resources/libJPEG.dylib
0x00007fff367e3000 	/System/Library/Frameworks/ImageIO.framework/Versions/A/Resources/libTIFF.dylib
0x00007fff367c6000 	/System/Library/Frameworks/ImageIO.framework/Versions/A/Resources/libPng.dylib
0x00007fff36465000 	/System/Library/Frameworks/ImageIO.framework/Versions/A/Resources/libGIF.dylib
0x00007fff36469000 	/System/Library/Frameworks/ImageIO.framework/Versions/A/Resources/libJP2.dylib
0x00007fff367e1000 	/System/Library/Frameworks/ImageIO.framework/Versions/A/Resources/libRadiance.dylib
0x00007fff68671000 	/usr/lib/libexpat.1.dylib
0x00007fff46833000 	/System/Library/PrivateFrameworks/AppleJPEG.framework/Versions/A/AppleJPEG
0x00007fff4f1b9000 	/System/Library/PrivateFrameworks/FontServices.framework/libFontParser.dylib
0x00007fff66043000 	/System/Library/PrivateFrameworks/WatchdogClient.framework/Versions/A/WatchdogClient
0x00007fff57710000 	/System/Library/PrivateFrameworks/IOAccelerator.framework/Versions/A/IOAccelerator
0x00007fff38ba3000 	/System/Library/Frameworks/MetalPerformanceShaders.framework/Versions/A/MetalPerformanceShaders
0x00007fff53f07000 	/System/Library/PrivateFrameworks/GPUWrangler.framework/Versions/A/GPUWrangler
0x00007fff5771b000 	/System/Library/PrivateFrameworks/IOPresentment.framework/Versions/A/IOPresentment
0x00007fff4cc29000 	/System/Library/PrivateFrameworks/DSExternalDisplay.framework/Versions/A/DSExternalDisplay
0x00007fff3d042000 	/System/Library/Frameworks/OpenGL.framework/Versions/A/Libraries/libCoreFSCache.dylib
0x00007fff388f5000 	/System/Library/Frameworks/MetalPerformanceShaders.framework/Frameworks/MPSCore.framework/Versions/A/MPSCore
0x00007fff38932000 	/System/Library/Frameworks/MetalPerformanceShaders.framework/Frameworks/MPSImage.framework/Versions/A/MPSImage
0x00007fff389f4000 	/System/Library/Frameworks/MetalPerformanceShaders.framework/Frameworks/MPSNeuralNetwork.framework/Versions/A/MPSNeuralNetwork
0x00007fff389b9000 	/System/Library/Frameworks/MetalPerformanceShaders.framework/Frameworks/MPSMatrix.framework/Versions/A/MPSMatrix
0x00007fff38b54000 	/System/Library/Frameworks/MetalPerformanceShaders.framework/Frameworks/MPSRayIntersector.framework/Versions/A/MPSRayIntersector
0x00007fff389de000 	/System/Library/Frameworks/MetalPerformanceShaders.framework/Frameworks/MPSNDArray.framework/Versions/A/MPSNDArray
0x00007fff5954c000 	/System/Library/PrivateFrameworks/MetalTools.framework/Versions/A/MetalTools
0x00007fff45b5e000 	/System/Library/PrivateFrameworks/AggregateDictionary.framework/Versions/A/AggregateDictionary
0x00007fff4a6e9000 	/System/Library/PrivateFrameworks/CoreAnalytics.framework/Versions/A/CoreAnalytics
0x00007fff46c5b000 	/System/Library/PrivateFrameworks/AppleSauce.framework/Versions/A/AppleSauce
0x00007fff67643000 	/usr/lib/libIOReport.dylib
0x00007fff353f3000 	/System/Library/Frameworks/CoreVideo.framework/Versions/A/CoreVideo
0x00007fff55373000 	/System/Library/PrivateFrameworks/GraphVisualizer.framework/Versions/A/GraphVisualizer
0x00007fff4e73a000 	/System/Library/PrivateFrameworks/FaceCore.framework/Versions/A/FaceCore
0x00007fff3c663000 	/System/Library/Frameworks/OpenCL.framework/Versions/A/OpenCL
0x00007fff67465000 	/usr/lib/libFosl_dynamic.dylib
0x00007fff5a9f7000 	/System/Library/PrivateFrameworks/OTSVG.framework/Versions/A/OTSVG
0x00007fff314f2000 	/System/Library/Frameworks/ApplicationServices.framework/Versions/A/Frameworks/ATS.framework/Versions/A/Resources/libFontRegistry.dylib
0x00007fff4f38a000 	/System/Library/PrivateFrameworks/FontServices.framework/libhvf.dylib
0x00007fff3d04d000 	/System/Library/Frameworks/OpenGL.framework/Versions/A/Libraries/libGFXShared.dylib
0x00007fff3d22a000 	/System/Library/Frameworks/OpenGL.framework/Versions/A/Libraries/libGLU.dylib
0x00007fff3d056000 	/System/Library/Frameworks/OpenGL.framework/Versions/A/Libraries/libGL.dylib
0x00007fff3d061000 	/System/Library/Frameworks/OpenGL.framework/Versions/A/Libraries/libGLImage.dylib
0x00007fff3d03f000 	/System/Library/Frameworks/OpenGL.framework/Versions/A/Libraries/libCVMSPluginSupport.dylib
0x00007fff3d048000 	/System/Library/Frameworks/OpenGL.framework/Versions/A/Libraries/libCoreVMClient.dylib
0x00007fff690c4000 	/usr/lib/libncurses.5.4.dylib
0x00007fff313ee000 	/System/Library/Frameworks/ApplicationServices.framework/Versions/A/Frameworks/ATS.framework/Versions/A/ATS
0x00007fff315bb000 	/System/Library/Frameworks/ApplicationServices.framework/Versions/A/Frameworks/ColorSyncLegacy.framework/Versions/A/ColorSyncLegacy
0x00007fff3165a000 	/System/Library/Frameworks/ApplicationServices.framework/Versions/A/Frameworks/HIServices.framework/Versions/A/HIServices
0x00007fff316b1000 	/System/Library/Frameworks/ApplicationServices.framework/Versions/A/Frameworks/LangAnalysis.framework/Versions/A/LangAnalysis
0x00007fff316c0000 	/System/Library/Frameworks/ApplicationServices.framework/Versions/A/Frameworks/PrintCore.framework/Versions/A/PrintCore
0x00007fff31706000 	/System/Library/Frameworks/ApplicationServices.framework/Versions/A/Frameworks/QD.framework/Versions/A/QD
0x00007fff31711000 	/System/Library/Frameworks/ApplicationServices.framework/Versions/A/Frameworks/SpeechSynthesis.framework/Versions/A/SpeechSynthesis
0x00007fff3158b000 	/System/Library/Frameworks/ApplicationServices.framework/Versions/A/Frameworks/ATSUI.framework/Versions/A/ATSUI
0x00007fff68505000 	/usr/lib/libcups.2.dylib
0x00007fff37c52000 	/System/Library/Frameworks/Kerberos.framework/Versions/A/Kerberos
0x00007fff35ed2000 	/System/Library/Frameworks/GSS.framework/Versions/A/GSS
0x00007fff6983a000 	/usr/lib/libresolv.9.dylib
0x00007fff55514000 	/System/Library/PrivateFrameworks/Heimdal.framework/Versions/A/Heimdal
0x00007fff37c65000 	/System/Library/Frameworks/Kerberos.framework/Versions/A/Libraries/libHeimdalProxy.dylib
0x00007fff686af000 	/usr/lib/libheimdal-asn1.dylib
0x00007fff49b8f000 	/System/Library/PrivateFrameworks/CommonAuth.framework/Versions/A/CommonAuth
0x00007fff46dda000 	/System/Library/PrivateFrameworks/AssertionServices.framework/Versions/A/AssertionServices
0x00007fff4797d000 	/System/Library/PrivateFrameworks/AudioToolboxCore.framework/Versions/A/AudioToolboxCore
0x00007fff66c9d000 	/System/Library/PrivateFrameworks/caulk.framework/Versions/A/caulk
0x00007fff47f3b000 	/System/Library/PrivateFrameworks/BaseBoard.framework/Versions/A/BaseBoard
0x00007fff5eb0b000 	/System/Library/PrivateFrameworks/RunningBoardServices.framework/Versions/A/RunningBoardServices
0x00007fff5bbe5000 	/System/Library/PrivateFrameworks/PersistentConnection.framework/Versions/A/PersistentConnection
0x00007fff5e55a000 	/System/Library/PrivateFrameworks/ProtocolBuffer.framework/Versions/A/ProtocolBuffer
0x00007fff49bb4000 	/System/Library/PrivateFrameworks/CommonUtilities.framework/Versions/A/CommonUtilities
0x00007fff480be000 	/System/Library/PrivateFrameworks/Bom.framework/Versions/A/Bom
0x00007fff67312000 	/usr/lib/libAudioToolboxUtility.dylib
0x00007fff47e99000 	/System/Library/PrivateFrameworks/Backup.framework/Versions/A/Backup
0x00007fff4c999000 	/System/Library/PrivateFrameworks/CrashReporterSupport.framework/Versions/A/CrashReporterSupport
0x00007fff60602000 	/System/Library/PrivateFrameworks/Sharing.framework/Versions/A/Sharing
0x00007fff4657e000 	/System/Library/PrivateFrameworks/Apple80211.framework/Versions/A/Apple80211
0x00007fff47bbb000 	/System/Library/PrivateFrameworks/AuthKit.framework/Versions/A/AuthKit
0x00007fff4c6c9000 	/System/Library/PrivateFrameworks/CoreUtils.framework/Versions/A/CoreUtils
0x00007fff35438000 	/System/Library/Frameworks/CoreWLAN.framework/Versions/A/CoreWLAN
0x00007fff3605d000 	/System/Library/Frameworks/IOBluetooth.framework/Versions/A/IOBluetooth
0x00007fff5984a000 	/System/Library/PrivateFrameworks/MobileKeyBag.framework/Versions/A/MobileKeyBag
0x00007fff4b79f000 	/System/Library/PrivateFrameworks/CorePhoneNumbers.framework/Versions/A/CorePhoneNumbers
0x00007fff467e6000 	/System/Library/PrivateFrameworks/AppleIDAuthSupport.framework/Versions/A/AppleIDAuthSupport
0x00007fff39af7000 	/System/Library/Frameworks/Network.framework/Versions/A/Network
0x00007fff57f0b000 	/System/Library/PrivateFrameworks/KeychainCircle.framework/Versions/A/KeychainCircle
0x00007fff32ead000 	/System/Library/Frameworks/CoreBluetooth.framework/Versions/A/CoreBluetooth
0x00007fff6227e000 	/System/Library/PrivateFrameworks/SpeechRecognitionCore.framework/Versions/A/SpeechRecognitionCore
0x0000000106000000 	/Library/Java/JavaVirtualMachines/jdk1.8.0_191.jdk/Contents/Home/jre/lib/server/libjvm.dylib
0x00007fff69bbf000 	/usr/lib/libstdc++.6.dylib
0x00000001056d2000 	/Library/Java/JavaVirtualMachines/jdk1.8.0_191.jdk/Contents/Home/jre/lib/libverify.dylib
0x00000001056e0000 	/Library/Java/JavaVirtualMachines/jdk1.8.0_191.jdk/Contents/Home/jre/lib/libjava.dylib
0x000000010571f000 	/Library/Java/JavaVirtualMachines/jdk1.8.0_191.jdk/Contents/Home/jre/lib/libzip.dylib
0x000000010b306000 	/Library/Java/JavaVirtualMachines/jdk1.8.0_191.jdk/Contents/Home/jre/lib/libnio.dylib
0x000000010b316000 	/Library/Java/JavaVirtualMachines/jdk1.8.0_191.jdk/Contents/Home/jre/lib/libnet.dylib
0x000000010bd7a000 	/Library/Java/JavaVirtualMachines/jdk1.8.0_191.jdk/Contents/Home/jre/lib/libawt.dylib
0x000000010be24000 	/Library/Java/JavaVirtualMachines/jdk1.8.0_191.jdk/Contents/Home/jre/lib/libmlib_image.dylib
0x00007fff37c3b000 	/System/Library/Frameworks/JavaVM.framework/Versions/A/Frameworks/JavaNativeFoundation.framework/Versions/A/JavaNativeFoundation
0x00007fff37c44000 	/System/Library/Frameworks/JavaVM.framework/Versions/A/Frameworks/JavaRuntimeSupport.framework/Versions/A/JavaRuntimeSupport
0x00007fff37c4d000 	/System/Library/Frameworks/JavaVM.framework/Versions/A/JavaVM
0x00007fff57d6e000 	/System/Library/PrivateFrameworks/JavaLaunching.framework/Versions/A/JavaLaunching
0x00007fff31f7d000 	/System/Library/Frameworks/Carbon.framework/Versions/A/Carbon
0x00007fff4c47d000 	/System/Library/PrivateFrameworks/CoreSymbolication.framework/Versions/A/CoreSymbolication
0x00007fff31f7e000 	/System/Library/Frameworks/Carbon.framework/Versions/A/Frameworks/CommonPanels.framework/Versions/A/CommonPanels
0x00007fff32277000 	/System/Library/Frameworks/Carbon.framework/Versions/A/Frameworks/Help.framework/Versions/A/Help
0x00007fff3227b000 	/System/Library/Frameworks/Carbon.framework/Versions/A/Frameworks/ImageCapture.framework/Versions/A/ImageCapture
0x00007fff32282000 	/System/Library/Frameworks/Carbon.framework/Versions/A/Frameworks/OpenScripting.framework/Versions/A/OpenScripting
0x00007fff32281000 	/System/Library/Frameworks/Carbon.framework/Versions/A/Frameworks/Ink.framework/Versions/A/Ink
0x00007fff322bd000 	/System/Library/Frameworks/Carbon.framework/Versions/A/Frameworks/Print.framework/Versions/A/Print
0x00007fff322be000 	/System/Library/Frameworks/Carbon.framework/Versions/A/Frameworks/SecurityHI.framework/Versions/A/SecurityHI
0x00007fff4cd5e000 	/System/Library/PrivateFrameworks/DebugSymbols.framework/Versions/A/DebugSymbols
0x000000010bef0000 	/Library/Java/JavaVirtualMachines/jdk1.8.0_191.jdk/Contents/Home/jre/lib/libawt_lwawt.dylib
0x000000010bfaa000 	/Library/Java/JavaVirtualMachines/jdk1.8.0_191.jdk/Contents/Home/jre/lib/libosxapp.dylib
0x00007fff35940000 	/System/Library/Frameworks/ExceptionHandling.framework/Versions/A/ExceptionHandling
0x00007fff4bf18000 	/System/Library/PrivateFrameworks/CoreServicesInternal.framework/Versions/A/CoreServicesInternal
0x00007fff3595f000 	/System/Library/Frameworks/FileProvider.framework/Versions/A/FileProvider
0x00007fff3043d000 	/System/Library/Frameworks/Accounts.framework/Versions/A/Accounts
0x00007fff54229000 	/System/Library/PrivateFrameworks/GenerationalStorage.framework/Versions/A/GenerationalStorage
0x00007fff62aaf000 	/System/Library/PrivateFrameworks/SymptomDiagnosticReporter.framework/Versions/A/SymptomDiagnosticReporter
0x00007fff4606f000 	/System/Library/PrivateFrameworks/AppContainer.framework/Versions/A/AppContainer
0x00007fff69854000 	/usr/lib/libsandbox.1.dylib
0x00007fff64fdf000 	/System/Library/PrivateFrameworks/UserManagement.framework/Versions/A/UserManagement
0x00007fff48c80000 	/System/Library/PrivateFrameworks/ChunkingLibrary.framework/Versions/A/ChunkingLibrary
0x00007fff460e1000 	/System/Library/PrivateFrameworks/AppSandbox.framework/Versions/A/AppSandbox
0x00007fff6048c000 	/System/Library/PrivateFrameworks/SecCodeWrapper.framework/Versions/A/SecCodeWrapper
0x00007fff67729000 	/usr/lib/libMatch.1.dylib
0x00007fff27a5d000 	/System/Library/CoreServices/RawCamera.bundle/Contents/MacOS/RawCamera
0x00007fff59674000 	/System/Library/PrivateFrameworks/MobileAsset.framework/Versions/A/MobileAsset
0x00007fff6295d000 	/System/Library/PrivateFrameworks/StreamingZip.framework/Versions/A/StreamingZip
0x00007fff380ce000 	/System/Library/Frameworks/MediaToolbox.framework/Versions/A/MediaToolbox
0x00007fff4a698000 	/System/Library/PrivateFrameworks/CoreAVCHD.framework/Versions/A/CoreAVCHD
0x00007fff37ff8000 	/System/Library/Frameworks/MediaAccessibility.framework/Versions/A/MediaAccessibility
0x00007fff58a3f000 	/System/Library/PrivateFrameworks/Mangrove.framework/Versions/A/Mangrove
0x00007fff34602000 	/System/Library/Frameworks/CoreMedia.framework/Versions/A/CoreMedia
0x00007fff58cab000 	/System/Library/PrivateFrameworks/MediaExperience.framework/Versions/A/MediaExperience
0x00007fff40eb4000 	/System/Library/Frameworks/VideoToolbox.framework/Versions/A/VideoToolbox
0x00007fff4a2c2000 	/System/Library/PrivateFrameworks/CoreAUC.framework/Versions/A/CoreAUC
0x00007fff698ac000 	/usr/lib/libspindump.dylib
0x00007fff47328000 	/System/Library/PrivateFrameworks/AudioResourceArbitration.framework/Versions/A/AudioResourceArbitration
0x00007fff46d41000 	/System/Library/PrivateFrameworks/AppleVA.framework/Versions/A/AppleVA
0x00007fff2f182000 	/System/Library/Frameworks/Accelerate.framework/Versions/A/Frameworks/vImage.framework/Versions/A/Libraries/libCGInterfaces.dylib
0x000000010db55000 	/usr/lib/libobjc-trampolines.dylib
0x00007fff4f2f1000 	/System/Library/PrivateFrameworks/FontServices.framework/libTrueTypeScaler.dylib
0x00007fff2a536000 	/System/Library/Extensions/AppleIntelBDWGraphicsMTLDriver.bundle/Contents/MacOS/AppleIntelBDWGraphicsMTLDriver
0x00007fff5285f000 	/System/Library/PrivateFrameworks/GPUCompiler.framework/Versions/3902/Libraries/libmetal_timestamp.dylib
0x00007fff4eb65000 	/System/Library/PrivateFrameworks/FamilyControls.framework/Versions/A/FamilyControls
0x00007fff49b83000 	/System/Library/PrivateFrameworks/CommerceKit.framework/Versions/A/Frameworks/CommerceCore.framework/Versions/A/CommerceCore
0x00007fff62b2a000 	/System/Library/PrivateFrameworks/SystemAdministration.framework/Versions/A/SystemAdministration
0x00007fff4d105000 	/System/Library/PrivateFrameworks/DiskManagement.framework/Versions/A/DiskManagement
0x00007fff35689000 	/System/Library/Frameworks/DirectoryService.framework/Versions/A/DirectoryService
0x00007fff4d03c000 	/System/Library/PrivateFrameworks/DiskImages.framework/Versions/A/DiskImages
0x00007fff58249000 	/System/Library/PrivateFrameworks/LoginUIKit.framework/Versions/A/Frameworks/LoginUICore.framework/Versions/A/LoginUICore
0x00007fff67392000 	/usr/lib/libCoreStorage.dylib
0x00007fff684f2000 	/usr/lib/libcsfde.dylib
0x00007fff69769000 	/usr/lib/libodfde.dylib
0x00007fff58d36000 	/System/Library/PrivateFrameworks/MediaKit.framework/Versions/A/MediaKit
0x00007fff35695000 	/System/Library/Frameworks/DiscRecording.framework/Versions/A/DiscRecording
0x00007fff4d2b4000 	/System/Library/PrivateFrameworks/EFILogin.framework/Versions/A/EFILogin
0x00007fff5e4ff000 	/System/Library/PrivateFrameworks/ProtectedCloudStorage.framework/Versions/A/ProtectedCloudStorage
0x00007fff68566000 	/usr/lib/libcurl.4.dylib
0x00007fff683eb000 	/usr/lib/libcrypto.44.dylib
0x00007fff69b8f000 	/usr/lib/libssl.46.dylib
0x00007fff37c66000 	/System/Library/Frameworks/LDAP.framework/Versions/A/LDAP
0x00007fff634b7000 	/System/Library/PrivateFrameworks/TrustEvaluationAgent.framework/Versions/A/TrustEvaluationAgent
0x00007fff69899000 	/usr/lib/libsasl2.2.dylib
0x00007fff4a9d3000 	/System/Library/PrivateFrameworks/CoreDaemon.framework/Versions/B/CoreDaemon
0x00007fff46c56000 	/System/Library/PrivateFrameworks/AppleSRP.framework/Versions/A/AppleSRP
0x00007fff65db3000 	/System/Library/PrivateFrameworks/ViewBridge.framework/Versions/A/ViewBridge
0x00007fff3dca6000 	/System/Library/Frameworks/OpenGL.framework/Versions/A/Resources/GLEngine.bundle/GLEngine
0x00007fff3d097000 	/System/Library/Frameworks/OpenGL.framework/Versions/A/Libraries/libGLProgrammability.dylib
0x00007fff2a031000 	/System/Library/Extensions/AppleIntelBDWGraphicsGLDriver.bundle/Contents/MacOS/AppleIntelBDWGraphicsGLDriver
0x00007fff53efb000 	/System/Library/PrivateFrameworks/GPUSupport.framework/Versions/A/Libraries/libGPUSupportMercury.dylib
0x00007fff3de20000 	/System/Library/Frameworks/OpenGL.framework/Versions/A/Resources/GLRendererFloat.bundle/GLRendererFloat
0x00007fff3c65a000 	/System/Library/Frameworks/OpenCL.framework/Versions/A/Libraries/libcldcpuengine.dylib
0x00007fff680ea000 	/usr/lib/libcrypto.35.dylib
0x00007fff66fef000 	/System/Library/PrivateFrameworks/login.framework/Versions/A/login
0x000000010f5e9000 	/Library/Java/JavaVirtualMachines/jdk1.8.0_191.jdk/Contents/Home/jre/lib/libsplashscreen.dylib
0x000000010f641000 	/Library/Java/JavaVirtualMachines/jdk1.8.0_191.jdk/Contents/Home/jre/lib/libfontmanager.dylib
0x000000010f715000 	/Library/Java/JavaVirtualMachines/jdk1.8.0_191.jdk/Contents/Home/jre/lib/libosxui.dylib
0x00007fff5539f000 	/System/Library/PrivateFrameworks/HDRProcessing.framework/Versions/A/HDRProcessing
0x000000010dac9000 	/Library/Java/JavaVirtualMachines/jdk1.8.0_191.jdk/Contents/Home/jre/lib/libdcpr.dylib
0x000000010dbb2000 	/Library/Java/JavaVirtualMachines/jdk1.8.0_191.jdk/Contents/Home/jre/lib/libmanagement.dylib
0x000000010da63000 	/Library/Java/JavaVirtualMachines/jdk1.8.0_191.jdk/Contents/Home/jre/lib/libattach.dylib

VM Arguments:
jvm_args: -Djdk.home=/Library/Java/JavaVirtualMachines/jdk1.8.0_191.jdk/Contents/Home -Dnetbeans.default_userdir_root=/Users/dmagda/Library/Application Support/VisualVM -Dnetbeans.dirs=/Library/Java/JavaVirtualMachines/jdk1.8.0_191.jdk/Contents/Home/lib/visualvm/visualvm:/Library/Java/JavaVirtualMachines/jdk1.8.0_191.jdk/Contents/Home/lib/visualvm/profiler: -Dnetbeans.home=/Library/Java/JavaVirtualMachines/jdk1.8.0_191.jdk/Contents/Home/lib/visualvm/platform -Xms24m -Xmx256m -Dsun.jvmstat.perdata.syncWaitMs=10000 -Dsun.java2d.noddraw=true -Dsun.java2d.d3d=false -Dnetbeans.keyring.no.master=true -Dplugin.manager.install.global=false --add-exports=java.desktop/sun.awt=ALL-UNNAMED --add-exports=jdk.jvmstat/sun.jvmstat.monitor.event=ALL-UNNAMED --add-exports=jdk.jvmstat/sun.jvmstat.monitor=ALL-UNNAMED --add-exports=java.desktop/sun.swing=ALL-UNNAMED --add-exports=jdk.attach/sun.tools.attach=ALL-UNNAMED --add-modules=java.activation -XX:+IgnoreUnrecognizedVMOptions -XX:+HeapDumpOnOutOfMemoryError -XX:HeapDumpPath=/Users/dmagda/Library/Application Support/VisualVM/8u131/var/log/heapdump.hprof 
java_command: org.netbeans.Main --cachedir /Users/dmagda/Library/Caches/VisualVM/8u131 --userdir /Users/dmagda/Library/Application Support/VisualVM/8u131 --branding visualvm
java_class_path (initial): /Library/Java/JavaVirtualMachines/jdk1.8.0_191.jdk/Contents/Home/lib/visualvm/platform/lib/boot.jar:/Library/Java/JavaVirtualMachines/jdk1.8.0_191.jdk/Contents/Home/lib/visualvm/platform/lib/org-openide-modules.jar:/Library/Java/JavaVirtualMachines/jdk1.8.0_191.jdk/Contents/Home/lib/visualvm/platform/lib/org-openide-util-lookup.jar:/Library/Java/JavaVirtualMachines/jdk1.8.0_191.jdk/Contents/Home/lib/visualvm/platform/lib/org-openide-util.jar:/Library/Java/JavaVirtualMachines/jdk1.8.0_191.jdk/Contents/Home/lib/visualvm/platform/lib/locale/boot_ja.jar:/Library/Java/JavaVirtualMachines/jdk1.8.0_191.jdk/Contents/Home/lib/visualvm/platform/lib/locale/boot_zh_CN.jar:/Library/Java/JavaVirtualMachines/jdk1.8.0_191.jdk/Contents/Home/lib/visualvm/platform/lib/locale/org-openide-modules_ja.jar:/Library/Java/JavaVirtualMachines/jdk1.8.0_191.jdk/Contents/Home/lib/visualvm/platform/lib/locale/org-openide-modules_zh_CN.jar:/Library/Java/JavaVirtualMachines/jdk1.8.0_191.jdk/Contents/Home/lib/visualvm/platform/lib/locale/org-openide-util-lookup_ja.jar:/Library/Java/JavaVirtualMachines/jdk1.8.0_191.jdk/Contents/Home/lib/visualvm/platform/lib/locale/org-openide-util-lookup_zh_CN.jar:/Library/Java/JavaVirtualMachines/jdk1.8.0_191.jdk/Contents/Home/lib/visualvm/platform/lib/locale/org-openide-util_ja.jar:/Library/Java/JavaVirtualMachines/jdk1.8.0_191.jdk/Contents/Home/lib/visualvm/platform/lib/locale/org-openide-util_zh_CN.jar:/Library/Java/JavaVirtualMachines/jdk1.8.0_191.jdk/Contents/Home/lib/dt.jar:/Library/Java/JavaVirtualMachines/jdk1.8.0_191.jdk/Contents/Home/lib/tools.jar
Launcher Type: SUN_STANDARD

Environment Variables:
PATH=/Users/dmagda/.rbenv/shims:PATH=/usr/local/php5/bin:/usr/local/bin:/usr/bin:/bin:/usr/sbin:/sbin:/opt/X11/bin:/Applications/Postgres.app/Contents/Versions/latest/bin:/usr/local/opt/go/libexec/bin:/Users/dmagda/dev/go/bin:/Users/dmagda/apache-maven-3.3.9/bin:/Users/dmagda/bin:/Applications/Postgres.app/Contents/Versions/9.6/bin/
LD_LIBRARY_PATH=/Library/Java/JavaVirtualMachines/jdk1.8.0_191.jdk/Contents/Home/jre/lib/amd64:/Library/Java/JavaVirtualMachines/jdk1.8.0_191.jdk/Contents/Home/jre/lib/i386:
SHELL=/bin/bash
DISPLAY=/private/tmp/com.apple.launchd.xhUt133Dsu/org.macosforge.xquartz:0

Signal Handlers:
SIGSEGV: [libjvm.dylib+0x5b5de9], sa_mask[0]=11111111011111110111111111111111, sa_flags=SA_ONSTACK|SA_RESTART|SA_SIGINFO
SIGBUS: [libjvm.dylib+0x5b5de9], sa_mask[0]=11111111011111110111111111111111, sa_flags=SA_RESTART|SA_SIGINFO
SIGFPE: [libjvm.dylib+0x48b6b0], sa_mask[0]=11111111011111110111111111111111, sa_flags=SA_RESTART|SA_SIGINFO
SIGPIPE: [libjvm.dylib+0x48b6b0], sa_mask[0]=11111111011111110111111111111111, sa_flags=SA_RESTART|SA_SIGINFO
SIGXFSZ: [libjvm.dylib+0x48b6b0], sa_mask[0]=11111111011111110111111111111111, sa_flags=SA_RESTART|SA_SIGINFO
SIGILL: [libjvm.dylib+0x48b6b0], sa_mask[0]=11111111011111110111111111111111, sa_flags=SA_RESTART|SA_SIGINFO
SIGUSR1: SIG_DFL, sa_mask[0]=11011111011111100000000111000110, sa_flags=none
SIGUSR2: [libjvm.dylib+0x48b1ce], sa_mask[0]=00000000000000000000000000000000, sa_flags=SA_RESTART|SA_SIGINFO
SIGHUP: [libjvm.dylib+0x489759], sa_mask[0]=11111111011111110111111111111111, sa_flags=SA_RESTART|SA_SIGINFO
SIGINT: SIG_IGN, sa_mask[0]=00000000000000000000000000000000, sa_flags=none
SIGTERM: [libjvm.dylib+0x489759], sa_mask[0]=11111111011111110111111111111111, sa_flags=SA_RESTART|SA_SIGINFO
SIGQUIT: [libjvm.dylib+0x489759], sa_mask[0]=11111111011111110111111111111111, sa_flags=SA_RESTART|SA_SIGINFO


---------------  S Y S T E M  ---------------

OS:Bsduname:Darwin 19.2.0 Darwin Kernel Version 19.2.0: Sat Nov  9 03:47:04 PST 2019; root:xnu-6153.61.1~20/RELEASE_X86_64 x86_64
rlimit: STACK 8192k, CORE 0k, NPROC 1392, NOFILE 10240, AS infinity
load average:2.30 3.24 5.87

CPU:total 4 (initial active 4) (2 cores per cpu, 2 threads per core) family 6 model 61 stepping 4, cmov, cx8, fxsr, mmx, sse, sse2, sse3, ssse3, sse4.1, sse4.2, popcnt, avx, avx2, aes, clmul, erms, 3dnowpref, lzcnt, ht, tsc, tscinvbit, bmi1, bmi2, adx

Memory: 4k page, physical 8388608k(35724k free)

/proc/meminfo:


vm_info: Java HotSpot(TM) 64-Bit Server VM (25.191-b12) for bsd-amd64 JRE (1.8.0_191-b12), built on Oct  6 2018 08:37:07 by "java_re" with gcc 4.2.1 (Based on Apple Inc. build 5658) (LLVM build 2336.11.00)

time: Wed Apr  8 13:59:10 2020
elapsed time: 4081 seconds (0d 1h 8m 1s)

